\BOOKMARK [1][-]{section.1}{\376\377\000I\000n\000t\000r\000o\000d\000u\000c\000c\000i\000\363\000n}{}% 1
\BOOKMARK [1][-]{section.2}{\376\377\000P\000r\000a\000c\000t\000i\000c\000a\000\040\000I}{}% 2
\BOOKMARK [2][-]{subsection.2.1}{\376\377\000C\000r\000i\000t\000e\000r\000i\000o\000s\000\040\000p\000a\000r\000a\000\040\000E\000v\000a\000l\000u\000a\000r\000\040\000C\000\363\000d\000i\000g\000o\000\040\000F\000u\000e\000n\000t\000e}{section.2}% 3
\BOOKMARK [3][-]{subsubsection.2.1.1}{\376\377\000C\000a\000l\000i\000d\000a\000d\000\040\000d\000e\000l\000\040\000C\000\363\000d\000i\000g\000o\000\040\000\050\000B\000u\000e\000n\000a\000s\000\040\000P\000r\000\341\000c\000t\000i\000c\000a\000s\000,\000\040\000E\000s\000t\000r\000u\000c\000t\000u\000r\000a\000\040\000y\000\040\000O\000r\000g\000a\000n\000i\000z\000a\000c\000i\000\363\000n\000\051}{subsection.2.1}% 4
\BOOKMARK [3][-]{subsubsection.2.1.2}{\376\377\000R\000e\000u\000t\000i\000l\000i\000z\000a\000c\000i\000\363\000n\000\040\000y\000\040\000M\000o\000d\000u\000l\000a\000r\000i\000d\000a\000d}{subsection.2.1}% 5
\BOOKMARK [3][-]{subsubsection.2.1.3}{\376\377\000G\000e\000s\000t\000i\000\363\000n\000\040\000d\000e\000\040\000E\000r\000r\000o\000r\000e\000s\000\040\000y\000\040\000E\000x\000c\000e\000p\000c\000i\000o\000n\000e\000s}{subsection.2.1}% 6
\BOOKMARK [3][-]{subsubsection.2.1.4}{\376\377\000P\000r\000u\000e\000b\000a\000s\000\040\000y\000\040\000C\000o\000b\000e\000r\000t\000u\000r\000a\000\040\000d\000e\000\040\000P\000r\000u\000e\000b\000a\000s}{subsection.2.1}% 7
\BOOKMARK [3][-]{subsubsection.2.1.5}{\376\377\000D\000o\000c\000u\000m\000e\000n\000t\000a\000c\000i\000\363\000n\000\040\000y\000\040\000C\000o\000m\000e\000n\000t\000a\000r\000i\000o\000s}{subsection.2.1}% 8
\BOOKMARK [3][-]{subsubsection.2.1.6}{\376\377\000S\000e\000g\000u\000r\000i\000d\000a\000d}{subsection.2.1}% 9
\BOOKMARK [3][-]{subsubsection.2.1.7}{\376\377\000E\000f\000i\000c\000i\000e\000n\000c\000i\000a\000\040\000y\000\040\000R\000e\000n\000d\000i\000m\000i\000e\000n\000t\000o}{subsection.2.1}% 10
\BOOKMARK [2][-]{subsection.2.2}{\376\377\000S\000G\000P\0004\000D\000C}{section.2}% 11
\BOOKMARK [2][-]{subsection.2.3}{\376\377\000I\000n\000f\000o\000r\000m\000e\000\040\000c\000r\000\355\000t\000i\000c\000o\000\040\000s\000o\000b\000r\000e\000\040\000e\000l\000\040\000c\000\363\000d\000i\000g\000o\000\040\000S\000G\000P\0004\000D\000C}{section.2}% 12
\BOOKMARK [3][-]{subsubsection.2.3.1}{\376\377\000C\000a\000l\000i\000d\000a\000d\000\040\000d\000e\000l\000\040\000C\000\363\000d\000i\000g\000o\000:}{subsection.2.3}% 13
\BOOKMARK [3][-]{subsubsection.2.3.2}{\376\377\000R\000e\000u\000t\000i\000l\000i\000z\000a\000c\000i\000\363\000n\000\040\000y\000\040\000M\000o\000d\000u\000l\000a\000r\000i\000d\000a\000d\000:}{subsection.2.3}% 14
\BOOKMARK [3][-]{subsubsection.2.3.3}{\376\377\000G\000e\000s\000t\000i\000\363\000n\000\040\000d\000e\000\040\000E\000r\000r\000o\000r\000e\000s\000:}{subsection.2.3}% 15
\BOOKMARK [3][-]{subsubsection.2.3.4}{\376\377\000D\000o\000c\000u\000m\000e\000n\000t\000a\000c\000i\000\363\000n\000:}{subsection.2.3}% 16
\BOOKMARK [3][-]{subsubsection.2.3.5}{\376\377\000S\000e\000g\000u\000r\000i\000d\000a\000d\000:}{subsection.2.3}% 17
\BOOKMARK [3][-]{subsubsection.2.3.6}{\376\377\000E\000f\000i\000c\000i\000e\000n\000c\000i\000a\000:}{subsection.2.3}% 18
\BOOKMARK [2][-]{subsection.2.4}{\376\377\000M\000e\000j\000o\000r\000a\000s\000\040\000n\000e\000c\000e\000s\000a\000r\000i\000a\000s\000\040\000e\000n\000\040\000e\000l\000\040\000c\000\363\000d\000i\000g\000o}{section.2}% 19
\BOOKMARK [3][-]{subsubsection.2.4.1}{\376\377\000R\000e\000f\000a\000c\000t\000o\000r\000i\000n\000g\000:}{subsection.2.4}% 20
\BOOKMARK [3][-]{subsubsection.2.4.2}{\376\377\000M\000e\000j\000o\000r\000a\000s\000\040\000e\000s\000t\000r\000u\000c\000t\000u\000r\000a\000l\000e\000s\000:}{subsection.2.4}% 21
\BOOKMARK [3][-]{subsubsection.2.4.3}{\376\377\000G\000e\000s\000t\000i\000\363\000n\000\040\000d\000e\000\040\000e\000r\000r\000o\000r\000e\000s}{subsection.2.4}% 22
\BOOKMARK [3][-]{subsubsection.2.4.4}{\376\377\000T\000e\000s\000t\000i\000n\000g\000\040\000y\000\040\000v\000a\000l\000i\000d\000a\000c\000i\000o\000n\000:}{subsection.2.4}% 23
\BOOKMARK [3][-]{subsubsection.2.4.5}{\376\377\000D\000o\000c\000u\000m\000e\000n\000t\000a\000c\000i\000o\000n\000:}{subsection.2.4}% 24
\BOOKMARK [3][-]{subsubsection.2.4.6}{\376\377\000J\000u\000s\000t\000i\000f\000i\000c\000a\000c\000i\000o\000n\000\040\000t\000e\000c\000n\000o\000l\000o\000g\000i\000c\000a\000:}{subsection.2.4}% 25
\BOOKMARK [2][-]{subsection.2.5}{\376\377\000I\000n\000f\000o\000r\000m\000e\000\040\000d\000e\000\040\000c\000o\000m\000p\000i\000l\000a\000c\000i\000o\000n\000\040\000d\000e\000l\000\040\000c\000o\000d\000i\000g\000o\000\040\000S\000G\000P\0004\000D\000C}{section.2}% 26
\BOOKMARK [3][-]{subsubsection.2.5.1}{\376\377\000C\000o\000n\000s\000t\000r\000u\000c\000t\000o\000r\000\040\000d\000e\000\040\000V\000e\000c\000t\000o\000r\000\040\000B\000i\000d\000i\000m\000e\000n\000s\000i\000o\000n\000a\000l\000\040\000I\000n\000v\000\341\000l\000i\000d\000o\000\040\000\050\000E\000r\000r\000o\000r\000\040\000P\000r\000i\000n\000c\000i\000p\000a\000l\000\051}{subsection.2.5}% 27
\BOOKMARK [3][-]{subsubsection.2.5.2}{\376\377\000H\000e\000a\000d\000e\000r\000s\000\040\000F\000a\000l\000t\000a\000n\000t\000e\000s}{subsection.2.5}% 28
\BOOKMARK [3][-]{subsubsection.2.5.3}{\376\377\000V\000a\000r\000i\000a\000b\000l\000e\000s\000\040\000N\000o\000\040\000D\000e\000c\000l\000a\000r\000a\000d\000a\000s}{subsection.2.5}% 29
\BOOKMARK [3][-]{subsubsection.2.5.4}{\376\377\000D\000i\000r\000e\000c\000t\000i\000v\000a\000s\000\040\000d\000e\000\040\000P\000r\000e\000p\000r\000o\000c\000e\000s\000a\000d\000o\000r\000\040\000M\000a\000l\000f\000o\000r\000m\000a\000d\000a\000s}{subsection.2.5}% 30
\BOOKMARK [3][-]{subsubsection.2.5.5}{\376\377\000E\000r\000r\000o\000r\000e\000s\000\040\000d\000e\000\040\000S\000w\000i\000t\000c\000h\000-\000C\000a\000s\000e}{subsection.2.5}% 31
\BOOKMARK [3][-]{subsubsection.2.5.6}{\376\377\000S\000h\000a\000d\000o\000w\000i\000n\000g\000\040\000d\000e\000\040\000V\000a\000r\000i\000a\000b\000l\000e\000s}{subsection.2.5}% 32
\BOOKMARK [3][-]{subsubsection.2.5.7}{\376\377\000W\000a\000r\000n\000i\000n\000g\000s\000\040\000d\000e\000\040\000F\000o\000r\000m\000a\000t\000o}{subsection.2.5}% 33
\BOOKMARK [1][-]{section.3}{\376\377\000P\000r\000a\000c\000t\000i\000c\000a\000\040\000I\000I}{}% 34
\BOOKMARK [2][-]{subsection.3.1}{\376\377\000C\000l\000a\000s\000i\000f\000i\000c\000a\000c\000i\000\363\000n\000\040\000d\000e\000\040\000l\000e\000n\000g\000u\000a\000j\000e\000s\000\040\000d\000e\000\040\000p\000r\000o\000g\000r\000a\000m\000a\000c\000i\000\363\000n}{section.3}% 35
\BOOKMARK [3][-]{subsubsection.3.1.1}{\376\377\000C\000l\000a\000s\000i\000f\000i\000c\000a\000c\000i\000\363\000n}{subsection.3.1}% 36
\BOOKMARK [3][-]{subsubsection.3.1.2}{\376\377\000C\000r\000i\000t\000e\000r\000i\000o\000s\000\040\000p\000a\000r\000a\000\040\000e\000l\000e\000g\000i\000r\000\040\000u\000n\000\040\000l\000e\000n\000g\000u\000a\000j\000e}{subsection.3.1}% 37
\BOOKMARK [2][-]{subsection.3.2}{\376\377\000E\000v\000a\000l\000u\000a\000c\000i\000\363\000n\000\040\000d\000e\000\040\000G\000r\000a\000a\000l\000V\000M}{section.3}% 38
\BOOKMARK [3][-]{subsubsection.3.2.1}{\376\377\000P\000o\000r\000\040\000n\000i\000v\000e\000l\000\040\000d\000e\000\040\000a\000b\000s\000t\000r\000a\000c\000c\000i\000\363\000n}{subsection.3.2}% 39
\BOOKMARK [3][-]{subsubsection.3.2.2}{\376\377\000P\000o\000r\000\040\000p\000a\000r\000a\000d\000i\000g\000m\000a\000\040\000d\000e\000\040\000p\000r\000o\000g\000r\000a\000m\000a\000c\000i\000\363\000n}{subsection.3.2}% 40
\BOOKMARK [3][-]{subsubsection.3.2.3}{\376\377\000P\000o\000r\000\040\000m\000o\000d\000e\000l\000o\000\040\000d\000e\000\040\000e\000j\000e\000c\000u\000c\000i\000\363\000n}{subsection.3.2}% 41
\BOOKMARK [3][-]{subsubsection.3.2.4}{\376\377\000P\000o\000r\000\040\000s\000i\000s\000t\000e\000m\000a\000\040\000d\000e\000\040\000t\000i\000p\000o\000s}{subsection.3.2}% 42
\BOOKMARK [3][-]{subsubsection.3.2.5}{\376\377\000P\000o\000r\000\040\000d\000o\000m\000i\000n\000i\000o\000\040\000e\000s\000p\000e\000c\000\355\000f\000i\000c\000o}{subsection.3.2}% 43
\BOOKMARK [3][-]{subsubsection.3.2.6}{\376\377\000P\000o\000r\000\040\000c\000o\000n\000c\000u\000r\000r\000e\000n\000c\000i\000a}{subsection.3.2}% 44
\BOOKMARK [3][-]{subsubsection.3.2.7}{\376\377\000P\000o\000r\000\040\000g\000e\000s\000t\000i\000\363\000n\000\040\000d\000e\000\040\000m\000e\000m\000o\000r\000i\000a}{subsection.3.2}% 45
\BOOKMARK [3][-]{subsubsection.3.2.8}{\376\377\000P\000o\000r\000\040\000p\000l\000a\000t\000a\000f\000o\000r\000m\000a\000\040\000o\000b\000j\000e\000t\000i\000v\000o}{subsection.3.2}% 46
\BOOKMARK [2][-]{subsection.3.3}{\376\377\000Q\000u\000i\000c\000k\000S\000o\000r\000t\000\040\000e\000n\000\040\000d\000i\000f\000e\000r\000e\000n\000t\000e\000s\000\040\000l\000e\000n\000g\000u\000a\000j\000e\000s\000\040\000d\000e\000\040\000p\000r\000o\000g\000r\000a\000m\000a\000c\000i\000\363\000n}{section.3}% 47
\BOOKMARK [2][-]{subsection.3.4}{\376\377\000E\000f\000i\000c\000i\000e\000n\000c\000i\000a\000\040\000d\000e\000\040\000Q\000u\000i\000c\000k\000s\000o\000r\000t\000\040\000e\000n\000\040\000d\000i\000f\000e\000r\000e\000n\000t\000e\000s\000\040\000l\000e\000n\000g\000u\000a\000j\000e\000s\000\040\000d\000e\000\040\000p\000r\000o\000g\000r\000a\000m\000a\000c\000i\000\363\000n\000\040\000\050\000v\000e\000r\000s\000i\000o\000n\000\040\000n\000a\000t\000i\000v\000a\000\040\000y\000\040\000m\000a\000n\000u\000a\000l\000\051}{section.3}% 48
\BOOKMARK [3][-]{subsubsection.3.4.1}{\376\377\000P\000y\000t\000h\000o\000n}{subsection.3.4}% 49
\BOOKMARK [3][-]{subsubsection.3.4.2}{\376\377\000C}{subsection.3.4}% 50
\BOOKMARK [3][-]{subsubsection.3.4.3}{\376\377\000C\000+\000+}{subsection.3.4}% 51
\BOOKMARK [3][-]{subsubsection.3.4.4}{\376\377\000J\000a\000v\000a}{subsection.3.4}% 52
\BOOKMARK [2][-]{subsection.3.5}{\376\377\000D\000e\000f\000i\000n\000i\000r\000\040\000y\000\040\000j\000u\000s\000t\000i\000f\000i\000c\000a\000r\000\040\000c\000r\000i\000t\000e\000r\000i\000o\000s\000\040\000p\000a\000r\000a\000\040\000a\000n\000a\000l\000i\000z\000a\000r\000\040\000e\000l\000\040\000c\000\363\000d\000i\000g\000o\000\040\000L\000a\000m\000b\000e\000r\000t\000\040\000B\000a\000t\000t\000i\000n}{section.3}% 53
\BOOKMARK [2][-]{subsection.3.6}{\376\377\000I\000n\000f\000o\000r\000m\000e\000\040\000c\000r\000\355\000t\000i\000c\000o\000\040\000L\000a\000m\000b\000e\000r\000t\000\040\000B\000a\000t\000t\000i\000n}{section.3}% 54
\BOOKMARK [1][-]{section.4}{\376\377\000P\000r\000a\000c\000t\000i\000c\000a\000\040\000I\000I\000I}{}% 55
\BOOKMARK [2][-]{subsection.4.1}{\376\377\000T\000r\000a\000d\000u\000c\000c\000i\000\363\000n\000\040\000d\000e\000l\000\040\000c\000\363\000d\000i\000g\000o\000\040\000L\000a\000m\000b\000e\000r\000t\000\040\000B\000a\000t\000t\000i\000n}{section.4}% 56
\BOOKMARK [2][-]{subsection.4.2}{\376\377\000L\000e\000n\000g\000u\000a\000j\000e\000s\000\040\000c\000o\000m\000p\000i\000l\000a\000d\000o\000s\000\040\000e\000\040\000i\000n\000t\000e\000r\000p\000r\000e\000t\000a\000d\000o\000s}{section.4}% 57
\BOOKMARK [3][-]{subsubsection.4.2.1}{\376\377\000L\000e\000n\000g\000u\000a\000j\000e\000s\000\040\000C\000o\000m\000p\000i\000l\000a\000d\000o\000s}{subsection.4.2}% 58
\BOOKMARK [3][-]{subsubsection.4.2.2}{\376\377\000L\000e\000n\000g\000u\000a\000j\000e\000s\000\040\000I\000n\000t\000e\000r\000p\000r\000e\000t\000a\000d\000o\000s}{subsection.4.2}% 59
\BOOKMARK [2][-]{subsection.4.3}{\376\377\000C\000r\000i\000t\000e\000r\000i\000o\000s\000\040\000p\000a\000r\000a\000\040\000a\000n\000a\000l\000i\000z\000a\000r\000\040\000e\000d\000i\000t\000o\000r\000e\000s\000\040\000d\000e\000\040\000t\000e\000x\000t\000o}{section.4}% 60
\BOOKMARK [3][-]{subsubsection.4.3.1}{\376\377\000O\000b\000j\000e\000t\000i\000v\000o\000s\000\040\000d\000e\000\040\000l\000a\000\040\000e\000v\000a\000l\000u\000a\000c\000i\000\363\000n}{subsection.4.3}% 61
\BOOKMARK [3][-]{subsubsection.4.3.2}{\376\377\000C\000r\000i\000t\000e\000r\000i\000o\000s\000\040\000d\000e\000\040\000e\000v\000a\000l\000u\000a\000c\000i\000o\000n\000\040\000p\000o\000r\000\040\000c\000a\000t\000e\000g\000o\000r\000i\000a\000s\000:}{subsection.4.3}% 62
\BOOKMARK [2][-]{subsection.4.4}{\376\377\000A\000n\000\341\000l\000i\000s\000i\000s\000\040\000d\000e\000\040\000E\000d\000i\000t\000o\000r\000e\000s\000\040\000d\000e\000\040\000T\000e\000x\000t\000o\000\040\000e\000\040\000I\000D\000E\000s\000\040\000p\000a\000r\000a\000\040\000D\000e\000s\000a\000r\000r\000o\000l\000l\000o\000\040\000e\000n\000\040\000C\000/\000C\000+\000+\000\040\000y\000\040\000P\000y\000t\000h\000o\000n}{section.4}% 63
\BOOKMARK [3][-]{subsubsection.4.4.1}{\376\377\000O\000b\000j\000e\000t\000i\000v\000o\000s\000\040\000y\000\040\000C\000r\000i\000t\000e\000r\000i\000o\000s\000\040\000d\000e\000\040\000E\000v\000a\000l\000u\000a\000c\000i\000\363\000n}{subsection.4.4}% 64
\BOOKMARK [3][-]{subsubsection.4.4.2}{\376\377\000A\000n\000\341\000l\000i\000s\000i\000s\000\040\000I\000n\000d\000i\000v\000i\000d\000u\000a\000l\000\040\000p\000o\000r\000\040\000E\000d\000i\000t\000o\000r}{subsection.4.4}% 65
\BOOKMARK [3][-]{subsubsection.4.4.3}{\376\377\000T\000a\000b\000l\000a\000\040\000C\000o\000m\000p\000a\000r\000a\000t\000i\000v\000a\000\040\000d\000e\000\040\000E\000d\000i\000t\000o\000r\000e\000s}{subsection.4.4}% 66
\BOOKMARK [1][-]{section.5}{\376\377\000P\000r\000a\000c\000t\000i\000c\000a\000\040\000I\000V}{}% 67
\BOOKMARK [2][-]{subsection.5.1}{\376\377\000S\000e\000l\000e\000c\000c\000i\000\363\000n\000\040\000d\000e\000\040\000A\000n\000a\000l\000i\000z\000a\000d\000o\000r\000e\000s}{section.5}% 68
\BOOKMARK [2][-]{subsection.5.2}{\376\377\000C\000r\000i\000t\000e\000r\000i\000o\000s\000\040\000d\000e\000\040\000S\000e\000l\000e\000c\000c\000i\000\363\000n\000\040\000d\000e\000\040\000A\000n\000a\000l\000i\000z\000a\000d\000o\000r\000e\000s\000\040\000d\000e\000\040\000C\000\363\000d\000i\000g\000o\000\040\000E\000s\000t\000\341\000t\000i\000c\000o}{section.5}% 69
\BOOKMARK [3][-]{subsubsection.5.2.1}{\376\377\000M\000a\000r\000c\000o\000\040\000d\000e\000\040\000E\000v\000a\000l\000u\000a\000c\000i\000\363\000n}{subsection.5.2}% 70
\BOOKMARK [2][-]{subsection.5.3}{\376\377\000A\000n\000\341\000l\000i\000s\000i\000s\000\040\000C\000o\000m\000p\000a\000r\000a\000t\000i\000v\000o\000\040\000d\000e\000\040\000A\000n\000a\000l\000i\000z\000a\000d\000o\000r\000e\000s\000\040\000d\000e\000\040\000C\000\363\000d\000i\000g\000o\000\040\000E\000s\000t\000\341\000t\000i\000c\000o\000:\000\040\000P\000V\000S\000-\000S\000t\000u\000d\000i\000o\000\040\000v\000s\000\040\000C\000p\000p\000c\000h\000e\000c\000k}{section.5}% 71
\BOOKMARK [3][-]{subsubsection.5.3.1}{\376\377\000C\000r\000i\000t\000e\000r\000i\000o\000s}{subsection.5.3}% 72
\BOOKMARK [3][-]{subsubsection.5.3.2}{\376\377\000C\000r\000i\000t\000e\000r\000i\000o\000s\000\040\000d\000e\000\040\000U\000s\000a\000b\000i\000l\000i\000d\000a\000d\000\040\000y\000\040\000E\000x\000p\000e\000r\000i\000e\000n\000c\000i\000a}{subsection.5.3}% 73
\BOOKMARK [3][-]{subsubsection.5.3.3}{\376\377\000C\000r\000i\000t\000e\000r\000i\000o\000s\000\040\000C\000o\000m\000e\000r\000c\000i\000a\000l\000e\000s\000\040\000y\000\040\000d\000e\000\040\000S\000o\000s\000t\000e\000n\000i\000b\000i\000l\000i\000d\000a\000d}{subsection.5.3}% 74
\BOOKMARK [3][-]{subsubsection.5.3.4}{\376\377\000C\000r\000i\000t\000e\000r\000i\000o\000s\000\040\000d\000e\000\040\000S\000e\000g\000u\000r\000i\000d\000a\000d\000\040\000y\000\040\000C\000o\000m\000p\000l\000i\000a\000n\000c\000e}{subsection.5.3}% 75
\BOOKMARK [3][-]{subsubsection.5.3.5}{\376\377\000E\000v\000a\000l\000u\000a\000c\000i\000o\000n\000\040\000P\000r\000\341\000c\000t\000i\000c\000a}{subsection.5.3}% 76
\BOOKMARK [1][-]{section.6}{\376\377\000P\000r\000a\000c\000t\000i\000c\000a\000\040\000V}{}% 77
\BOOKMARK [2][-]{subsection.6.1}{\376\377\000H\000e\000r\000r\000a\000m\000i\000e\000n\000t\000a\000s\000\040\000d\000e\000\040\000p\000r\000u\000e\000b\000a\000s\000\040\000d\000e\000\040\000s\000o\000f\000t\000w\000a\000r\000e}{section.6}% 78
\BOOKMARK [2][-]{subsection.6.2}{\376\377\000C\000r\000i\000t\000e\000r\000i\000o\000s\000\040\000d\000e\000\040\000E\000v\000a\000l\000u\000a\000c\000i\000\363\000n\000\040\000p\000a\000r\000a\000\040\000H\000e\000r\000r\000a\000m\000i\000e\000n\000t\000a\000s\000\040\000d\000e\000\040\000T\000e\000s\000t\000i\000n\000g\000\040\000d\000e\000\040\000S\000o\000f\000t\000w\000a\000r\000e}{section.6}% 79
\BOOKMARK [3][-]{subsubsection.6.2.1}{\376\377\000C\000r\000i\000t\000e\000r\000i\000o\000s\000\040\000d\000e\000\040\000E\000v\000a\000l\000u\000a\000c\000i\000\363\000n}{subsection.6.2}% 80
\BOOKMARK [3][-]{subsubsection.6.2.2}{\376\377\000M\000e\000t\000o\000d\000o\000l\000o\000g\000\355\000a\000\040\000d\000e\000\040\000E\000v\000a\000l\000u\000a\000c\000i\000\363\000n}{subsection.6.2}% 81
\BOOKMARK [3][-]{subsubsection.6.2.3}{\376\377\000C\000o\000n\000s\000i\000d\000e\000r\000a\000c\000i\000o\000n\000e\000s\000\040\000F\000i\000n\000a\000l\000e\000s}{subsection.6.2}% 82
\BOOKMARK [2][-]{subsection.6.3}{\376\377\000A\000n\000\341\000l\000i\000s\000i\000s\000\040\000C\000o\000m\000p\000a\000r\000a\000t\000i\000v\000o\000\040\000d\000e\000\040\000H\000e\000r\000r\000a\000m\000i\000e\000n\000t\000a\000s\000\040\000d\000e\000\040\000T\000e\000s\000t\000i\000n\000g\000\040\000d\000e\000\040\000S\000o\000f\000t\000w\000a\000r\000e\000\040\000\050\000a\000s\000s\000e\000r\000t\000.\000h\000\040\000.\000\040\000C\000p\000p\000T\000e\000s\000t\000\051}{section.6}% 83
\BOOKMARK [3][-]{subsubsection.6.3.1}{\376\377\000F\000a\000c\000i\000l\000i\000d\000a\000d\000\040\000d\000e\000\040\000U\000s\000o\000\040\000e\000\040\000I\000m\000p\000l\000e\000m\000e\000n\000t\000a\000c\000i\000\363\000n}{subsection.6.3}% 84
\BOOKMARK [3][-]{subsubsection.6.3.2}{\376\377\000F\000u\000n\000c\000i\000o\000n\000a\000l\000i\000d\000a\000d\000e\000s\000\040\000T\000\351\000c\000n\000i\000c\000a\000s}{subsection.6.3}% 85
\BOOKMARK [3][-]{subsubsection.6.3.3}{\376\377\000R\000e\000p\000o\000r\000t\000e\000s\000\040\000y\000\040\000D\000e\000b\000u\000g\000g\000i\000n\000g}{subsection.6.3}% 86
\BOOKMARK [3][-]{subsubsection.6.3.4}{\376\377\000R\000e\000n\000d\000i\000m\000i\000e\000n\000t\000o\000\040\000y\000\040\000E\000s\000c\000a\000l\000a\000b\000i\000l\000i\000d\000a\000d}{subsection.6.3}% 87
\BOOKMARK [3][-]{subsubsection.6.3.5}{\376\377\000C\000o\000m\000p\000a\000t\000i\000b\000i\000l\000i\000d\000a\000d\000\040\000y\000\040\000P\000o\000r\000t\000a\000b\000i\000l\000i\000d\000a\000d}{subsection.6.3}% 88
\BOOKMARK [3][-]{subsubsection.6.3.6}{\376\377\000E\000c\000o\000s\000i\000s\000t\000e\000m\000a\000\040\000y\000\040\000M\000a\000n\000t\000e\000n\000i\000m\000i\000e\000n\000t\000o}{subsection.6.3}% 89
\BOOKMARK [3][-]{subsubsection.6.3.7}{\376\377\000A\000s\000p\000e\000c\000t\000o\000s\000\040\000E\000s\000p\000e\000c\000\355\000f\000i\000c\000o\000s\000\040\000d\000e\000l\000\040\000C\000o\000n\000t\000e\000x\000t\000o\000\040\000A\000c\000a\000d\000\351\000m\000i\000c\000o}{subsection.6.3}% 90
\BOOKMARK [3][-]{subsubsection.6.3.8}{\376\377\000A\000n\000\341\000l\000i\000s\000i\000s\000\040\000C\000o\000m\000p\000a\000r\000a\000t\000i\000v\000o\000\040\000F\000i\000n\000a\000l}{subsection.6.3}% 91
\BOOKMARK [1][-]{section.7}{\376\377\000P\000r\000a\000c\000t\000i\000c\000a\000\040\000V\000I}{}% 92
\BOOKMARK [2][-]{subsection.7.1}{\376\377\000L\000e\000c\000t\000u\000r\000a\000\040\000d\000e\000\040\000l\000a\000\040\000g\000u\000\355\000a\000\040\000d\000e\000\040\000e\000s\000t\000i\000l\000o\000\040\000e\000\040\000i\000n\000v\000e\000s\000t\000i\000g\000a\000r\000\040\000s\000i\000s\000t\000e\000m\000a\000s\000\040\000d\000e\000\040\000d\000o\000c\000u\000m\000e\000n\000t\000a\000c\000i\000\363\000n}{section.7}% 93
\BOOKMARK [2][-]{subsection.7.2}{\376\377\000C\000r\000i\000t\000e\000r\000i\000o\000s\000\040\000d\000e\000\040\000E\000v\000a\000l\000u\000a\000c\000i\000\363\000n\000\040\000p\000a\000r\000a\000\040\000S\000i\000s\000t\000e\000m\000a\000s\000\040\000d\000e\000\040\000D\000o\000c\000u\000m\000e\000n\000t\000a\000c\000i\000\363\000n}{section.7}% 94
\BOOKMARK [3][-]{subsubsection.7.2.1}{\376\377\000C\000r\000i\000t\000e\000r\000i\000o\000s\000\040\000d\000e\000\040\000E\000v\000a\000l\000u\000a\000c\000i\000\363\000n}{subsection.7.2}% 95
\BOOKMARK [3][-]{subsubsection.7.2.2}{\376\377\000M\000e\000t\000o\000d\000o\000l\000o\000g\000\355\000a\000\040\000d\000e\000\040\000A\000n\000\341\000l\000i\000s\000i\000s}{subsection.7.2}% 96
\BOOKMARK [2][-]{subsection.7.3}{\376\377\000E\000v\000a\000l\000u\000a\000c\000i\000\363\000n\000\040\000d\000e\000\040\000S\000i\000s\000t\000e\000m\000a\000s\000\040\000d\000e\000\040\000D\000o\000c\000u\000m\000e\000n\000t\000a\000c\000i\000\363\000n\000:\000\040\000D\000o\000x\000y\000g\000e\000n\000\040\000v\000s\000\040\000J\000a\000v\000a\000D\000o\000c}{section.7}% 97
\BOOKMARK [3][-]{subsubsection.7.3.1}{\376\377\000D\000o\000x\000y\000g\000e\000n}{subsection.7.3}% 98
\BOOKMARK [3][-]{subsubsection.7.3.2}{\376\377\000J\000a\000v\000a\000D\000o\000c}{subsection.7.3}% 99
\BOOKMARK [2][-]{subsection.7.4}{\376\377\000D\000o\000c\000u\000m\000e\000n\000t\000a\000c\000i\000\363\000n\000\040\000d\000e\000l\000\040\000c\000\363\000d\000i\000g\000o\000\040\000C\000p\000p\000\040\000d\000e\000l\000\040\000p\000r\000o\000y\000e\000c\000t\000o\000\040\000L\000a\000m\000b\000e\000r\000t}{section.7}% 100
\BOOKMARK [1][-]{section.8}{\376\377\000P\000r\000o\000y\000e\000c\000t\000o\000\040\000V\000I\000I}{}% 101
\BOOKMARK [2][-]{subsection.8.1}{\376\377\000C\000r\000i\000t\000e\000r\000i\000o\000s\000\040\000d\000e\000\040\000E\000v\000a\000l\000u\000a\000c\000i\000\363\000n\000\040\000p\000a\000r\000a\000\040\000H\000e\000r\000r\000a\000m\000i\000e\000n\000t\000a\000s\000\040\000d\000e\000\040\000A\000n\000\341\000l\000i\000s\000i\000s\000\040\000d\000e\000\040\000R\000e\000n\000d\000i\000m\000i\000e\000n\000t\000o}{section.8}% 102
\BOOKMARK [3][-]{subsubsection.8.1.1}{\376\377\000C\000r\000i\000t\000e\000r\000i\000o\000s\000\040\000d\000e\000\040\000E\000v\000a\000l\000u\000a\000c\000i\000\363\000n}{subsection.8.1}% 103
\BOOKMARK [3][-]{subsubsection.8.1.2}{\376\377\000C\000o\000n\000s\000i\000d\000e\000r\000a\000c\000i\000o\000n\000e\000s\000\040\000E\000s\000p\000e\000c\000\355\000f\000i\000c\000a\000s\000\040\000d\000e\000l\000\040\000C\000o\000n\000t\000e\000x\000t\000o}{subsection.8.1}% 104
\BOOKMARK [2][-]{subsection.8.2}{\376\377\000A\000n\000\341\000l\000i\000s\000i\000s\000\040\000d\000e\000\040\000H\000e\000r\000r\000a\000m\000i\000e\000n\000t\000a\000s\000\040\000d\000e\000\040\000A\000n\000\341\000l\000i\000s\000i\000s\000\040\000d\000e\000\040\000R\000e\000n\000d\000i\000m\000i\000e\000n\000t\000o}{section.8}% 105
\BOOKMARK [3][-]{subsubsection.8.2.1}{\376\377\000T\000i\000m\000e\000m\000o\000r\000y}{subsection.8.2}% 106
\BOOKMARK [3][-]{subsubsection.8.2.2}{\376\377\000G\000p\000r\000o\000f}{subsection.8.2}% 107
\BOOKMARK [3][-]{subsubsection.8.2.3}{\376\377\000V\000a\000l\000g\000r\000i\000n\000d}{subsection.8.2}% 108
\BOOKMARK [3][-]{subsubsection.8.2.4}{\376\377\000I\000n\000s\000u\000r\000e\000+\000+}{subsection.8.2}% 109
\BOOKMARK [3][-]{subsubsection.8.2.5}{\376\377\000I\000n\000s\000t\000r\000u\000m\000e\000n\000t\000s\000\040\000\050\000m\000a\000c\000O\000S\000\051}{subsection.8.2}% 110
\BOOKMARK [3][-]{subsubsection.8.2.6}{\376\377\000T\000a\000b\000l\000a\000\040\000C\000o\000m\000p\000a\000r\000a\000t\000i\000v\000a}{subsection.8.2}% 111
\BOOKMARK [2][-]{subsection.8.3}{\376\377\000A\000n\000\341\000l\000i\000s\000i\000s\000\040\000d\000e\000\040\000L\000a\000m\000b\000e\000r\000t\000\040\000B\000a\000t\000t\000i\000n}{section.8}% 112
\BOOKMARK [3][-]{subsubsection.8.3.1}{\376\377\000A\000n\000\341\000l\000i\000s\000i\000s\000\040\000d\000e\000\040\000R\000e\000n\000d\000i\000m\000i\000e\000n\000t\000o\000\040\000y\000\040\000M\000e\000m\000o\000r\000i\000a\000\040\000U\000s\000a\000n\000d\000o\000\040\000V\000a\000l\000g\000r\000i\000n\000d}{subsection.8.3}% 113
\BOOKMARK [3][-]{subsubsection.8.3.2}{\376\377\000A\000n\000\341\000l\000i\000s\000i\000s\000\040\000d\000e\000l\000\040\000O\000u\000t\000p\000u\000t\000\040\000d\000e\000\040\000G\000p\000r\000o\000f\000\040\000U\000s\000a\000n\000d\000o\000\040\000G\000p\000r\000o\000f}{subsection.8.3}% 114
