==331216== Memcheck, a memory error detector
==331216== Copyright (C) 2002-2022, and GNU GPL'd, by Julian Seward et al.
==331216== Using Valgrind-3.22.0-bd4db67b1d-20231031 and LibVEX; rerun with -h for copyright info
==331216== Command: ../Main
==331216== Parent PID: 331214
==331216== 
--331216-- 
--331216-- Valgrind options:
--331216--    --tool=memcheck
--331216--    --leak-check=full
--331216--    --show-leak-kinds=all
--331216--    --track-origins=yes
--331216--    --verbose
--331216--    --log-file=main_memcheck.log
--331216-- Contents of /proc/version:
--331216--   Linux version 5.15.167.4-microsoft-standard-WSL2 (root@f9c826d3017f) (gcc (GCC) 11.2.0, GNU ld (GNU Binutils) 2.37) #1 SMP Tue Nov 5 00:21:55 UTC 2024
--331216-- 
--331216-- Arch and hwcaps: AMD64, LittleEndian, amd64-cx16-lzcnt-rdtscp-sse3-ssse3-avx-avx2-bmi-f16c-rdrand-rdseed
--331216-- Page sizes: currently 4096, max supported 4096
--331216-- Valgrind library directory: /usr/libexec/valgrind
--331216-- Reading syms from /home/ekaitz/tallerEntregar/proyecto/Proyecto_v1/Main
--331216-- Reading syms from /usr/lib/x86_64-linux-gnu/ld-linux-x86-64.so.2
--331216--   Considering /usr/lib/debug/.build-id/1c/8db5f83bba514f8fd5f1fb6d7be975be1bb855.debug ..
--331216--   .. build-id is valid
--331216-- Reading syms from /usr/libexec/valgrind/memcheck-amd64-linux
--331216--    object doesn't have a dynamic symbol table
--331216-- Scheduler: using generic scheduler lock implementation.
--331216-- Reading suppressions file: /usr/libexec/valgrind/default.supp
==331216== embedded gdbserver: reading from /tmp/vgdb-pipe-from-vgdb-to-331216-by-ekaitz-on-???
==331216== embedded gdbserver: writing to   /tmp/vgdb-pipe-to-vgdb-from-331216-by-ekaitz-on-???
==331216== embedded gdbserver: shared mem   /tmp/vgdb-pipe-shared-mem-vgdb-331216-by-ekaitz-on-???
==331216== 
==331216== TO CONTROL THIS PROCESS USING vgdb (which you probably
==331216== don't want to do, unless you know exactly what you're doing,
==331216== or are doing some strange experiment):
==331216==   /usr/bin/vgdb --pid=331216 ...command...
==331216== 
==331216== TO DEBUG THIS PROCESS USING GDB: start GDB like this
==331216==   /path/to/gdb ../Main
==331216== and then give GDB the following command
==331216==   target remote | /usr/bin/vgdb --pid=331216
==331216== --pid is optional if only one valgrind process is running
==331216== 
--331216-- REDIR: 0x4028b00 (ld-linux-x86-64.so.2:strlen) redirected to 0x580c2e1a (???)
--331216-- REDIR: 0x40272b0 (ld-linux-x86-64.so.2:index) redirected to 0x580c2e34 (???)
--331216-- Reading syms from /usr/libexec/valgrind/vgpreload_core-amd64-linux.so
--331216-- Reading syms from /usr/libexec/valgrind/vgpreload_memcheck-amd64-linux.so
==331216== WARNING: new redirection conflicts with existing -- ignoring it
--331216--     old: 0x04028b00 (strlen              ) R-> (0000.0) 0x580c2e1a ???
--331216--     new: 0x04028b00 (strlen              ) R-> (2007.0) 0x0484f340 strlen
--331216-- REDIR: 0x40274e0 (ld-linux-x86-64.so.2:strcmp) redirected to 0x4850460 (strcmp)
--331216-- REDIR: 0x4026910 (ld-linux-x86-64.so.2:mempcpy) redirected to 0x4853cd0 (mempcpy)
--331216-- Reading syms from /usr/lib/x86_64-linux-gnu/libstdc++.so.6.0.33
--331216-- Reading syms from /usr/lib/x86_64-linux-gnu/libm.so.6
--331216-- Reading syms from /usr/lib/x86_64-linux-gnu/libgcc_s.so.1
--331216-- Reading syms from /usr/lib/x86_64-linux-gnu/libc.so.6
--331216--   Considering /usr/lib/debug/.build-id/42/c84c92e6f98126b3e2230ebfdead22c235b667.debug ..
--331216--   .. build-id is valid
--331216-- REDIR: 0x4028ca0 (ld-linux-x86-64.so.2:strncmp) redirected to 0x484fc90 (strncmp)
--331216-- REDIR: 0x4cb7050 (libc.so.6:strnlen) redirected to 0x483d1c0 (_vgnU_ifunc_wrapper)
--331216-- REDIR: 0x4cb70e0 (libc.so.6:strpbrk) redirected to 0x483d1c0 (_vgnU_ifunc_wrapper)
--331216-- REDIR: 0x4cb51a0 (libc.so.6:strcmp) redirected to 0x483d1c0 (_vgnU_ifunc_wrapper)
--331216-- REDIR: 0x4cce3b0 (libc.so.6:wcsnlen) redirected to 0x483d1c0 (_vgnU_ifunc_wrapper)
--331216-- REDIR: 0x4cb4290 (libc.so.6:memset) redirected to 0x483d1c0 (_vgnU_ifunc_wrapper)
--331216-- REDIR: 0x4ccdb20 (libc.so.6:wcslen) redirected to 0x483d1c0 (_vgnU_ifunc_wrapper)
--331216-- REDIR: 0x4d393c0 (libc.so.6:__memcpy_chk) redirected to 0x483d1c0 (_vgnU_ifunc_wrapper)
--331216-- REDIR: 0x4cb4200 (libc.so.6:memrchr) redirected to 0x483d1c0 (_vgnU_ifunc_wrapper)
--331216-- REDIR: 0x4cce350 (libc.so.6:wcsncpy) redirected to 0x483d1c0 (_vgnU_ifunc_wrapper)
--331216-- REDIR: 0x4cb3720 (libc.so.6:memcpy@@GLIBC_2.14) redirected to 0x483d1c0 (_vgnU_ifunc_wrapper)
--331216-- REDIR: 0x4ccc8e0 (libc.so.6:wcschr) redirected to 0x483d1c0 (_vgnU_ifunc_wrapper)
--331216-- REDIR: 0x4cb5090 (libc.so.6:index) redirected to 0x483d1c0 (_vgnU_ifunc_wrapper)
--331216-- REDIR: 0x4cb7110 (libc.so.6:rindex) redirected to 0x483d1c0 (_vgnU_ifunc_wrapper)
--331216-- REDIR: 0x4ccc990 (libc.so.6:wcscmp) redirected to 0x483d1c0 (_vgnU_ifunc_wrapper)
--331216-- REDIR: 0x4cb44b0 (libc.so.6:stpncpy) redirected to 0x483d1c0 (_vgnU_ifunc_wrapper)
--331216-- REDIR: 0x4cdaeb0 (libc.so.6:wmemchr) redirected to 0x483d1c0 (_vgnU_ifunc_wrapper)
--331216-- REDIR: 0x4cb6ef0 (libc.so.6:strncmp) redirected to 0x483d1c0 (_vgnU_ifunc_wrapper)
--331216-- REDIR: 0x4cb4510 (libc.so.6:strcasecmp) redirected to 0x483d1c0 (_vgnU_ifunc_wrapper)
--331216-- REDIR: 0x4cb6310 (libc.so.6:strcspn) redirected to 0x483d1c0 (_vgnU_ifunc_wrapper)
--331216-- REDIR: 0x4ccd8f0 (libc.so.6:wcscpy) redirected to 0x483d1c0 (_vgnU_ifunc_wrapper)
--331216-- REDIR: 0x4cb5020 (libc.so.6:strcat) redirected to 0x483d1c0 (_vgnU_ifunc_wrapper)
--331216-- REDIR: 0x4cb6df0 (libc.so.6:strncasecmp_l) redirected to 0x483d1c0 (_vgnU_ifunc_wrapper)
--331216-- REDIR: 0x4cb5110 (libc.so.6:strchrnul) redirected to 0x483d1c0 (_vgnU_ifunc_wrapper)
--331216-- REDIR: 0x4cb3630 (libc.so.6:bcmp) redirected to 0x483d1c0 (_vgnU_ifunc_wrapper)
--331216-- REDIR: 0x4cb62a0 (libc.so.6:strcpy) redirected to 0x483d1c0 (_vgnU_ifunc_wrapper)
--331216-- REDIR: 0x4cb45b0 (libc.so.6:strcasecmp_l) redirected to 0x483d1c0 (_vgnU_ifunc_wrapper)
--331216-- REDIR: 0x4cb6cc0 (libc.so.6:strlen) redirected to 0x483d1c0 (_vgnU_ifunc_wrapper)
--331216-- REDIR: 0x4cb6f90 (libc.so.6:strncpy) redirected to 0x483d1c0 (_vgnU_ifunc_wrapper)
--331216-- REDIR: 0x4cdaf30 (libc.so.6:wmemcmp) redirected to 0x483d1c0 (_vgnU_ifunc_wrapper)
--331216-- REDIR: 0x4d394e0 (libc.so.6:__memmove_chk) redirected to 0x483d1c0 (_vgnU_ifunc_wrapper)
==331216== WARNING: new redirection conflicts with existing -- ignoring it
--331216--     old: 0x04d8a9d0 (__memcpy_chk_avx_una) R-> (2030.0) 0x04853dd0 __memcpy_chk
--331216--     new: 0x04d8a9d0 (__memcpy_chk_avx_una) R-> (2024.0) 0x04853740 __memmove_chk
--331216-- REDIR: 0x4cb4440 (libc.so.6:stpcpy) redirected to 0x483d1c0 (_vgnU_ifunc_wrapper)
--331216-- REDIR: 0x4cb3fc0 (libc.so.6:memmove) redirected to 0x483d1c0 (_vgnU_ifunc_wrapper)
==331216== Preferring higher priority redirection:
--331216--     old: 0x04d8aa00 (__memcpy_avx_unalign) R-> (2018.0) 0x04851580 __memcpy_avx_unaligned_erms
--331216--     new: 0x04d8aa00 (__memcpy_avx_unalign) R-> (2018.1) 0x04852d60 memmove
--331216-- REDIR: 0x4cb35b0 (libc.so.6:memchr) redirected to 0x483d1c0 (_vgnU_ifunc_wrapper)
--331216-- REDIR: 0x4cb72e0 (libc.so.6:strspn) redirected to 0x483d1c0 (_vgnU_ifunc_wrapper)
--331216-- REDIR: 0x4cb40e0 (libc.so.6:mempcpy) redirected to 0x483d1c0 (_vgnU_ifunc_wrapper)
--331216-- REDIR: 0x4cb6d50 (libc.so.6:strncasecmp) redirected to 0x483d1c0 (_vgnU_ifunc_wrapper)
--331216-- REDIR: 0x4d8f5f0 (libc.so.6:__strrchr_avx2) redirected to 0x484ed20 (rindex)
--331216-- REDIR: 0x4d8d740 (libc.so.6:__strlen_avx2) redirected to 0x484f220 (strlen)
--331216-- REDIR: 0x4d8a2a0 (libc.so.6:__memcmp_avx2_movbe) redirected to 0x4852480 (bcmp)
--331216-- REDIR: 0x4d8e820 (libc.so.6:__strncmp_avx2) redirected to 0x484fab0 (strncmp)
--331216-- REDIR: 0x4caf650 (libc.so.6:malloc) redirected to 0x48467b0 (malloc)
--331216-- REDIR: 0x4d8aa00 (libc.so.6:__memcpy_avx_unaligned_erms) redirected to 0x4852d60 (memmove)
--331216-- REDIR: 0x49288e0 (libstdc++.so.6:operator new(unsigned long)) redirected to 0x4846f30 (operator new(unsigned long))
--331216-- REDIR: 0x49268a0 (libstdc++.so.6:operator delete(void*)) redirected to 0x484a080 (operator delete(void*))
--331216-- REDIR: 0x4cafd30 (libc.so.6:free) redirected to 0x4849820 (free)
--331216-- REDIR: 0x4928950 (libstdc++.so.6:operator new[](unsigned long)) redirected to 0x4848550 (operator new[](unsigned long))
--331216-- REDIR: 0x4d8b400 (libc.so.6:__memset_avx2_unaligned_erms) redirected to 0x4852c50 (memset)
--331216-- REDIR: 0x4d8a9c0 (libc.so.6:__mempcpy_avx_unaligned_erms) redirected to 0x48538d0 (mempcpy)
==331216== 
==331216== HEAP SUMMARY:
==331216==     in use at exit: 176 bytes in 9 blocks
==331216==   total heap usage: 69 allocs, 60 frees, 84,930 bytes allocated
==331216== 
==331216== Searching for pointers to 9 not-freed blocks
==331216== Checked 153,808 bytes
==331216== 
==331216== 16 bytes in 1 blocks are indirectly lost in loss record 1 of 4
==331216==    at 0x4846FA3: operator new(unsigned long) (in /usr/libexec/valgrind/vgpreload_memcheck-amd64-linux.so)
==331216==    by 0x121DBC: EKF_GEOS3() (in /home/ekaitz/tallerEntregar/proyecto/Proyecto_v1/Main)
==331216==    by 0x1156A1: main (in /home/ekaitz/tallerEntregar/proyecto/Proyecto_v1/Main)
==331216== 
==331216== 48 bytes in 1 blocks are indirectly lost in loss record 2 of 4
==331216==    at 0x48485C3: operator new[](unsigned long) (in /usr/libexec/valgrind/vgpreload_memcheck-amd64-linux.so)
==331216==    by 0x12CD53: Matrix::initMatrix() (in /home/ekaitz/tallerEntregar/proyecto/Proyecto_v1/Main)
==331216==    by 0x121DD1: EKF_GEOS3() (in /home/ekaitz/tallerEntregar/proyecto/Proyecto_v1/Main)
==331216==    by 0x1156A1: main (in /home/ekaitz/tallerEntregar/proyecto/Proyecto_v1/Main)
==331216== 
==331216== 48 bytes in 6 blocks are indirectly lost in loss record 3 of 4
==331216==    at 0x48485C3: operator new[](unsigned long) (in /usr/libexec/valgrind/vgpreload_memcheck-amd64-linux.so)
==331216==    by 0x12CD91: Matrix::initMatrix() (in /home/ekaitz/tallerEntregar/proyecto/Proyecto_v1/Main)
==331216==    by 0x121DD1: EKF_GEOS3() (in /home/ekaitz/tallerEntregar/proyecto/Proyecto_v1/Main)
==331216==    by 0x1156A1: main (in /home/ekaitz/tallerEntregar/proyecto/Proyecto_v1/Main)
==331216== 
==331216== 176 (64 direct, 112 indirect) bytes in 1 blocks are definitely lost in loss record 4 of 4
==331216==    at 0x4846FA3: operator new(unsigned long) (in /usr/libexec/valgrind/vgpreload_memcheck-amd64-linux.so)
==331216==    by 0x11E5FE: EKF_GEOS3() (in /home/ekaitz/tallerEntregar/proyecto/Proyecto_v1/Main)
==331216==    by 0x1156A1: main (in /home/ekaitz/tallerEntregar/proyecto/Proyecto_v1/Main)
==331216== 
==331216== LEAK SUMMARY:
==331216==    definitely lost: 64 bytes in 1 blocks
==331216==    indirectly lost: 112 bytes in 8 blocks
==331216==      possibly lost: 0 bytes in 0 blocks
==331216==    still reachable: 0 bytes in 0 blocks
==331216==         suppressed: 0 bytes in 0 blocks
==331216== 
==331216== ERROR SUMMARY: 1 errors from 1 contexts (suppressed: 0 from 0)
